Using pre-set license
Built from '2020.3/staging' branch; Version is '2020.3.26f1 (7298b473bc1a) revision 7510196'; Using compiler version '192528614'; Build Type 'Release'
OS: 'Windows 10  (10.0.19043) 64bit Professional' Language: 'tr' Physical Memory: 8037 MB
BatchMode: 1, IsHumanControllingUs: 0, StartBugReporterOnCrash: 0, Is64bit: 1, IsPro: 0

COMMAND LINE ARGUMENTS:
C:\Program Files\Unity\Hub\Editor\2020.3.26f1\Editor\Unity.exe
-adb2
-batchMode
-noUpm
-name
AssetImportWorker0
-projectPath
C:/Users/cagoi/Desktop/Hacivat_Karagoz_AR
-logFile
Logs/AssetImportWorker0.log
-srvPort
56880
Successfully changed project path to: C:/Users/cagoi/Desktop/Hacivat_Karagoz_AR
C:/Users/cagoi/Desktop/Hacivat_Karagoz_AR
Using Asset Import Pipeline V2.
Refreshing native plugins compatible for Editor in 50.35 ms, found 2 plugins.
Preloading 0 native plugins for Editor in 0.00 ms.
Initialize engine version: 2020.3.26f1 (7298b473bc1a)
[Subsystems] Discovering subsystems at path C:/Program Files/Unity/Hub/Editor/2020.3.26f1/Editor/Data/Resources/UnitySubsystems
[Subsystems] Discovering subsystems at path C:/Users/cagoi/Desktop/Hacivat_Karagoz_AR/Assets
GfxDevice: creating device client; threaded=0
Direct3D:
    Version:  Direct3D 11.0 [level 11.1]
    Renderer: NVIDIA GeForce GTX 1050 (ID=0x1c92)
    Vendor:   
    VRAM:     4021 MB
    Driver:   30.0.14.9709
Initialize mono
Mono path[0] = 'C:/Program Files/Unity/Hub/Editor/2020.3.26f1/Editor/Data/Managed'
Mono path[1] = 'C:/Program Files/Unity/Hub/Editor/2020.3.26f1/Editor/Data/MonoBleedingEdge/lib/mono/unityjit'
Mono config path = 'C:/Program Files/Unity/Hub/Editor/2020.3.26f1/Editor/Data/MonoBleedingEdge/etc'
Using monoOptions --debugger-agent=transport=dt_socket,embedding=1,server=y,suspend=n,address=127.0.0.1:56832
Begin MonoManager ReloadAssembly
Registering precompiled unity dll's ...
Register platform support module: C:/Program Files/Unity/Hub/Editor/2020.3.26f1/Editor/Data/PlaybackEngines/WebGLSupport/UnityEditor.WebGL.Extensions.dll
Register platform support module: C:/Program Files/Unity/Hub/Editor/2020.3.26f1/Editor/Data/PlaybackEngines/WindowsStandaloneSupport/UnityEditor.WindowsStandalone.Extensions.dll
Registered in 0.004135 seconds.
Native extension for WindowsStandalone target not found
Native extension for WebGL target not found
Refreshing native plugins compatible for Editor in 60.76 ms, found 2 plugins.
Preloading 0 native plugins for Editor in 0.00 ms.
Mono: successfully reloaded assembly
- Completed reload, in  0.848 seconds
Domain Reload Profiling:
	ReloadAssembly (848ms)
		BeginReloadAssembly (84ms)
			ExecutionOrderSort (0ms)
			DisableScriptedObjects (0ms)
			BackupInstance (0ms)
			ReleaseScriptingObjects (0ms)
			CreateAndSetChildDomain (1ms)
		EndReloadAssembly (638ms)
			LoadAssemblies (82ms)
			RebuildTransferFunctionScriptingTraits (0ms)
			SetupTypeCache (231ms)
			ReleaseScriptCaches (0ms)
			RebuildScriptCaches (41ms)
			SetupLoadedEditorAssemblies (224ms)
				LogAssemblyErrors (0ms)
				InitializePlatformSupportModulesInManaged (5ms)
				SetLoadedEditorAssemblies (0ms)
				RefreshPlugins (61ms)
				BeforeProcessingInitializeOnLoad (8ms)
				ProcessInitializeOnLoadAttributes (112ms)
				ProcessInitializeOnLoadMethodAttributes (38ms)
				AfterProcessingInitializeOnLoad (0ms)
				EditorAssembliesLoaded (0ms)
			ExecutionOrderSort2 (0ms)
			AwakeInstancesAfterBackupRestoration (0ms)
Platform modules already initialized, skipping
Registering precompiled user dll's ...
Registered in 0.004537 seconds.
Begin MonoManager ReloadAssembly
Native extension for WindowsStandalone target not found
Native extension for WebGL target not found
Refreshing native plugins compatible for Editor in 57.05 ms, found 2 plugins.
Preloading 0 native plugins for Editor in 0.00 ms.
Mono: successfully reloaded assembly
- Completed reload, in  1.628 seconds
Domain Reload Profiling:
	ReloadAssembly (1629ms)
		BeginReloadAssembly (250ms)
			ExecutionOrderSort (0ms)
			DisableScriptedObjects (6ms)
			BackupInstance (0ms)
			ReleaseScriptingObjects (0ms)
			CreateAndSetChildDomain (45ms)
		EndReloadAssembly (1265ms)
			LoadAssemblies (144ms)
			RebuildTransferFunctionScriptingTraits (0ms)
			SetupTypeCache (394ms)
			ReleaseScriptCaches (1ms)
			RebuildScriptCaches (69ms)
			SetupLoadedEditorAssemblies (487ms)
				LogAssemblyErrors (0ms)
				InitializePlatformSupportModulesInManaged (16ms)
				SetLoadedEditorAssemblies (1ms)
				RefreshPlugins (57ms)
				BeforeProcessingInitializeOnLoad (111ms)
				ProcessInitializeOnLoadAttributes (282ms)
				ProcessInitializeOnLoadMethodAttributes (13ms)
				AfterProcessingInitializeOnLoad (7ms)
				EditorAssembliesLoaded (0ms)
			ExecutionOrderSort2 (0ms)
			AwakeInstancesAfterBackupRestoration (10ms)
Platform modules already initialized, skipping
========================================================================
Worker process is ready to serve import requests
Launched and connected shader compiler UnityShaderCompiler.exe after 0.10 seconds
Refreshing native plugins compatible for Editor in 0.59 ms, found 2 plugins.
Preloading 0 native plugins for Editor in 0.00 ms.
Unloading 1930 Unused Serialized files (Serialized files now loaded: 0)
System memory in use before: 81.7 MB.
System memory in use after: 81.7 MB.

Unloading 21 unused Assets to reduce memory usage. Loaded Objects now: 2361.
Total: 2.799400 ms (FindLiveObjects: 0.165300 ms CreateObjectMapping: 0.077000 ms MarkObjects: 2.460100 ms  DeleteObjects: 0.095900 ms)

AssetImportParameters requested are different than current active one (requested -> active):
  custom:framework-win-MediaFoundation: 216162199b28c13a410421893ffa2e32 -> 
  custom:video-decoder-ogg-theora: a1e56fd34408186e4bbccfd4996cb3dc -> 
  custom:container-muxer-webm: aa71ff27fc2769a1b78a27578f13a17b -> 
  custom:container-demuxer-webm: 4f35f7cbe854078d1ac9338744f61a02 -> 
  custom:container-demuxer-ogg: 62fdf1f143b41e24485cea50d1cbac27 -> 
  custom:video-encoder-webm-vp8: eb34c28f22e8b96e1ab97ce403110664 -> 
  custom:video-decoder-webm-vp8: 9c59270c3fd7afecdb556c50c9e8de78 -> 
  custom:audio-decoder-ogg-vorbis: bf7c407c2cedff20999df2af8eb42d56 -> 
  custom:audio-encoder-webm-vorbis: bf7c407c2cedff20999df2af8eb42d56 -> 
========================================================================
Received Import Request.
  path: Assets/FBX/Hacivat_Animation.fbx
  artifactKey: Guid(ee1d4f3eaa95a69499a0dab0e853efc1) Importer(815301076,1909f56bfc062723c751e8b465ee728b)
Start importing Assets/FBX/Hacivat_Animation.fbx using Guid(ee1d4f3eaa95a69499a0dab0e853efc1) Importer(815301076,1909f56bfc062723c751e8b465ee728b)  -> (artifact id: '59e551201648f97d177971aa8bd9fba3') in 0.322737 seconds 
  Import took 0.327248 seconds .

========================================================================
Received Import Request.
  Time since last request: 71.101003 seconds.
  path: Assets/FBX/hacivat_karagöz.jpeg
  artifactKey: Guid(f5a7d427a6a39f14e9af2b2e2022b243) Importer(815301076,1909f56bfc062723c751e8b465ee728b)
Start importing Assets/FBX/hacivat_karagöz.jpeg using Guid(f5a7d427a6a39f14e9af2b2e2022b243) Importer(815301076,1909f56bfc062723c751e8b465ee728b)  -> (artifact id: '6f13cc16165dd2578163c5541399a667') in 0.102881 seconds 
  Import took 0.113901 seconds .

========================================================================
Received Import Request.
  Time since last request: 480.458170 seconds.
  path: Assets/FBX/Karagoz_Animation.fbx
  artifactKey: Guid(c6c2cb7c15d09974b8a21c7f5805e6ef) Importer(815301076,1909f56bfc062723c751e8b465ee728b)
Start importing Assets/FBX/Karagoz_Animation.fbx using Guid(c6c2cb7c15d09974b8a21c7f5805e6ef) Importer(815301076,1909f56bfc062723c751e8b465ee728b)  -> (artifact id: 'cf33b07927ec8f38d4f3dc435aaff151') in 0.142873 seconds 
  Import took 0.158637 seconds .

========================================================================
Received Import Request.
  Time since last request: 97.425093 seconds.
  path: Assets/FBX/Karagoz_Animation.fbx
  artifactKey: Guid(c6c2cb7c15d09974b8a21c7f5805e6ef) Importer(815301076,1909f56bfc062723c751e8b465ee728b)
Start importing Assets/FBX/Karagoz_Animation.fbx using Guid(c6c2cb7c15d09974b8a21c7f5805e6ef) Importer(815301076,1909f56bfc062723c751e8b465ee728b)  -> (artifact id: '3a55a050948a1632b19619f76aede5ad') in 0.069240 seconds 
  Import took 0.073244 seconds .

========================================================================
Received Import Request.
  Time since last request: 686.407544 seconds.
  path: Assets/FBX/Hacivat_KaragozTimeline.playable
  artifactKey: Guid(21d792da2137b9245bfa32acbbd5faba) Importer(815301076,1909f56bfc062723c751e8b465ee728b)
Start importing Assets/FBX/Hacivat_KaragozTimeline.playable using Guid(21d792da2137b9245bfa32acbbd5faba) Importer(815301076,1909f56bfc062723c751e8b465ee728b)  -> (artifact id: 'bbe9deb50b823702247a4f40d138150d') in 0.057791 seconds 
  Import took 0.061788 seconds .

========================================================================
Received Prepare
Refreshing native plugins compatible for Editor in 6.33 ms, found 2 plugins.
Preloading 0 native plugins for Editor in 0.00 ms.
Unloading 13 Unused Serialized files (Serialized files now loaded: 0)
System memory in use before: 60.9 MB.
System memory in use after: 61.0 MB.

Unloading 12 unused Assets to reduce memory usage. Loaded Objects now: 2408.
Total: 80.402300 ms (FindLiveObjects: 0.456700 ms CreateObjectMapping: 0.228500 ms MarkObjects: 79.645400 ms  DeleteObjects: 0.069000 ms)

AssetImportParameters requested are different than current active one (requested -> active):
  custom:framework-win-MediaFoundation: 216162199b28c13a410421893ffa2e32 -> 
  custom:video-decoder-ogg-theora: a1e56fd34408186e4bbccfd4996cb3dc -> 
  custom:container-muxer-webm: aa71ff27fc2769a1b78a27578f13a17b -> 
  custom:container-demuxer-webm: 4f35f7cbe854078d1ac9338744f61a02 -> 
  custom:container-demuxer-ogg: 62fdf1f143b41e24485cea50d1cbac27 -> 
  custom:video-encoder-webm-vp8: eb34c28f22e8b96e1ab97ce403110664 -> 
  custom:video-decoder-webm-vp8: 9c59270c3fd7afecdb556c50c9e8de78 -> 
  custom:audio-decoder-ogg-vorbis: bf7c407c2cedff20999df2af8eb42d56 -> 
  custom:audio-encoder-webm-vorbis: bf7c407c2cedff20999df2af8eb42d56 -> 
========================================================================
Received Import Request.
  Time since last request: 150.632373 seconds.
  path: Assets/FBX/Hacivat_Animation.fbx
  artifactKey: Guid(ee1d4f3eaa95a69499a0dab0e853efc1) Importer(815301076,1909f56bfc062723c751e8b465ee728b)
Start importing Assets/FBX/Hacivat_Animation.fbx using Guid(ee1d4f3eaa95a69499a0dab0e853efc1) Importer(815301076,1909f56bfc062723c751e8b465ee728b)  -> (artifact id: '505883ec1f9b2ad51261c49184222d2c') in 0.148726 seconds 
  Import took 0.174432 seconds .

========================================================================
Received Prepare
Refreshing native plugins compatible for Editor in 15.64 ms, found 2 plugins.
Preloading 0 native plugins for Editor in 0.00 ms.
Unloading 12 Unused Serialized files (Serialized files now loaded: 0)
System memory in use before: 60.8 MB.
System memory in use after: 61.0 MB.

Unloading 12 unused Assets to reduce memory usage. Loaded Objects now: 2408.
Total: 7.693800 ms (FindLiveObjects: 0.769800 ms CreateObjectMapping: 0.384000 ms MarkObjects: 6.506200 ms  DeleteObjects: 0.032400 ms)

AssetImportParameters requested are different than current active one (requested -> active):
  custom:framework-win-MediaFoundation: 216162199b28c13a410421893ffa2e32 -> 
  custom:video-decoder-ogg-theora: a1e56fd34408186e4bbccfd4996cb3dc -> 
  custom:container-muxer-webm: aa71ff27fc2769a1b78a27578f13a17b -> 
  custom:container-demuxer-webm: 4f35f7cbe854078d1ac9338744f61a02 -> 
  custom:container-demuxer-ogg: 62fdf1f143b41e24485cea50d1cbac27 -> 
  custom:video-encoder-webm-vp8: eb34c28f22e8b96e1ab97ce403110664 -> 
  custom:video-decoder-webm-vp8: 9c59270c3fd7afecdb556c50c9e8de78 -> 
  custom:audio-decoder-ogg-vorbis: bf7c407c2cedff20999df2af8eb42d56 -> 
  custom:audio-encoder-webm-vorbis: bf7c407c2cedff20999df2af8eb42d56 -> 
AssetImportWorkerClient::OnTransportError - code=2 error=End of file
